<?xml version="1.0" encoding="UTF-8"?>
<testng-results ignored="2" total="4" passed="2" failed="0" skipped="0">
  <reporter-output>
  </reporter-output>
  <suite started-at="2024-07-10T07:03:30Z" name="Suite" finished-at="2024-07-10T07:03:31Z" duration-ms="93">
    <groups>
      <group name="ST">
        <method signature="ContactTest.createContactTest()[pri:0, instance:pack1.ContactTest@2767e23c]" name="createContactTest" class="pack1.ContactTest"/>
        <method signature="OrgTest.createOrgTest()[pri:0, instance:pack2.OrgTest@710c2b53]" name="createOrgTest" class="pack2.OrgTest"/>
      </group> <!-- ST -->
    </groups>
    <test started-at="2024-07-10T07:03:30Z" name="Test" finished-at="2024-07-10T07:03:31Z" duration-ms="93">
      <class name="pack2.OrgTest">
        <test-method signature="createOrgTest()[pri:0, instance:pack2.OrgTest@710c2b53]" started-at="2024-07-10T07:03:31Z" name="createOrgTest" finished-at="2024-07-10T07:03:31Z" duration-ms="5" status="PASS">
          <reporter-output>
          </reporter-output>
        </test-method> <!-- createOrgTest -->
      </class> <!-- pack2.OrgTest -->
      <class name="pack1.ContactTest">
        <test-method signature="createContactTest()[pri:0, instance:pack1.ContactTest@2767e23c]" started-at="2024-07-10T07:03:30Z" name="createContactTest" finished-at="2024-07-10T07:03:30Z" duration-ms="41" status="PASS">
          <reporter-output>
          </reporter-output>
        </test-method> <!-- createContactTest -->
      </class> <!-- pack1.ContactTest -->
    </test> <!-- Test -->
  </suite> <!-- Suite -->
</testng-results>
