<?xml version="1.0" encoding="UTF-8"?>
<!-- Generated by org.testng.reporters.JUnitXMLReporter -->
<testsuite ignored="2" hostname="Bikash" failures="0" tests="1" name="Test" time="24.654" errors="0" timestamp="2024-07-06T13:04:38 IST">
  <testcase classname="com.comcast.crm.orgtest.CreateOraganizationTest" name="createOrgTest" time="12.74"/>
  <testcase classname="com.comcast.crm.orgtest.CreateOraganizationTest" name="createOrgTestWithPhoneNo" time="0.0">
    <ignored/>
  </testcase> <!-- createOrgTestWithPhoneNo -->
  <testcase classname="com.comcast.crm.orgtest.CreateOraganizationTest" name="createOrgWithIndustryTest" time="0.0">
    <ignored/>
  </testcase> <!-- createOrgWithIndustryTest -->
</testsuite> <!-- Test -->
