<?xml version="1.0" encoding="UTF-8"?>
<!-- Generated by org.testng.reporters.JUnitXMLReporter -->
<testsuite ignored="2" hostname="Bikash" failures="0" tests="2" name="Test" time="0.093" errors="0" timestamp="10 Jul 2024 07:03:31 GMT">
  <testcase classname="pack1.ContactTest" name="createContactTest" time="0.041"/>
  <testcase classname="pack2.OrgTest" name="createOrgTest" time="0.005"/>
  <testcase classname="pack1.ContactTest" name="modifyContactTest" time="0.0">
    <ignored/>
  </testcase> <!-- modifyContactTest -->
  <testcase classname="pack2.OrgTest" name="modifyOrgTest" time="0.0">
    <ignored/>
  </testcase> <!-- modifyOrgTest -->
</testsuite> <!-- Test -->
